Determining if the pthread_create exist failed with the following output:
Change Dir: /home/luca/Scrivania/Videogioco Stefano/cmake-build-debug/CMakeFiles/CMakeTmp

Run Build Command:"/usr/bin/make" "cmTC_6cd03/fast"
/usr/bin/make -f CMakeFiles/cmTC_6cd03.dir/build.make CMakeFiles/cmTC_6cd03.dir/build
make[1]: ingresso nella directory "/home/luca/Scrivania/Videogioco Stefano/cmake-build-debug/CMakeFiles/CMakeTmp"
Building C object CMakeFiles/cmTC_6cd03.dir/CheckSymbolExists.c.o
/usr/bin/cc    -o CMakeFiles/cmTC_6cd03.dir/CheckSymbolExists.c.o   -c "/home/luca/Scrivania/Videogioco Stefano/cmake-build-debug/CMakeFiles/CMakeTmp/CheckSymbolExists.c"
Linking C executable cmTC_6cd03
/snap/clion/39/bin/cmake/linux/bin/cmake -E cmake_link_script CMakeFiles/cmTC_6cd03.dir/link.txt --verbose=1
/usr/bin/cc      -rdynamic CMakeFiles/cmTC_6cd03.dir/CheckSymbolExists.c.o  -o cmTC_6cd03 
CMakeFiles/cmTC_6cd03.dir/CheckSymbolExists.c.o: nella funzione "main":
CheckSymbolExists.c:(.text+0x1b): riferimento non definito a "pthread_create"
collect2: error: ld returned 1 exit status
CMakeFiles/cmTC_6cd03.dir/build.make:86: recipe for target 'cmTC_6cd03' failed
make[1]: *** [cmTC_6cd03] Error 1
make[1]: uscita dalla directory "/home/luca/Scrivania/Videogioco Stefano/cmake-build-debug/CMakeFiles/CMakeTmp"
Makefile:121: recipe for target 'cmTC_6cd03/fast' failed
make: *** [cmTC_6cd03/fast] Error 2

File /home/luca/Scrivania/Videogioco Stefano/cmake-build-debug/CMakeFiles/CMakeTmp/CheckSymbolExists.c:
/* */
#include <pthread.h>

int main(int argc, char** argv)
{
  (void)argv;
#ifndef pthread_create
  return ((int*)(&pthread_create))[argc];
#else
  (void)argc;
  return 0;
#endif
}

